Drill report for PCB.kicad_pcb
Created on 2024-05-10T22:18:13+0300

Copper Layer Stackup:
    =============================================================
    L1 :  F.Cu                      front
    L2 :  B.Cu                      back


Drill file 'PCB-PTH.drl' contains
    plated through holes:
    =============================================================
    T1  0.300mm  0.0118"  (7 holes)
    T2  1.020mm  0.0402"  (30 holes)
    T3  1.200mm  0.0472"  (16 holes)
    T4  1.300mm  0.0512"  (17 holes)
    T5  2.500mm  0.0984"  (4 holes)

    Total plated holes count 74


Drill file 'PCB-NPTH.drl' contains
    unplated through holes:
    =============================================================
    T1  3.000mm  0.1181"  (4 holes)

    Total unplated holes count 4
